[2020-03-18 09:36:15.692] [exthost] [info] extension host started
[2020-03-18 09:36:15.753] [exthost] [info] ExtensionService#_doActivateExtension vscode.debug-auto-launch {"startup":true,"extensionId":{"value":"vscode.debug-auto-launch","_lower":"vscode.debug-auto-launch"},"activationEvent":"*"}
[2020-03-18 09:36:15.753] [exthost] [info] ExtensionService#loadCommonJSModule file:///usr/share/code/resources/app/extensions/debug-auto-launch/dist/extension
[2020-03-18 09:36:15.757] [exthost] [info] ExtensionService#_doActivateExtension vscode.emmet {"startup":true,"extensionId":{"value":"vscode.emmet","_lower":"vscode.emmet"},"activationEvent":"*"}
[2020-03-18 09:36:15.757] [exthost] [info] ExtensionService#loadCommonJSModule file:///usr/share/code/resources/app/extensions/emmet/dist/extension
[2020-03-18 09:36:15.806] [exthost] [info] ExtensionService#_doActivateExtension vscode.git {"startup":true,"extensionId":{"value":"vscode.git","_lower":"vscode.git"},"activationEvent":"*"}
[2020-03-18 09:36:15.806] [exthost] [info] ExtensionService#loadCommonJSModule file:///usr/share/code/resources/app/extensions/git/dist/main
[2020-03-18 09:36:15.858] [exthost] [info] ExtensionService#_doActivateExtension vscode.github-authentication {"startup":true,"extensionId":{"value":"vscode.github-authentication","_lower":"vscode.github-authentication"},"activationEvent":"*"}
[2020-03-18 09:36:15.858] [exthost] [info] ExtensionService#loadCommonJSModule file:///usr/share/code/resources/app/extensions/github-authentication/dist/extension.js
[2020-03-18 09:36:15.861] [exthost] [info] ExtensionService#_doActivateExtension vscode.merge-conflict {"startup":true,"extensionId":{"value":"vscode.merge-conflict","_lower":"vscode.merge-conflict"},"activationEvent":"*"}
[2020-03-18 09:36:15.861] [exthost] [info] ExtensionService#loadCommonJSModule file:///usr/share/code/resources/app/extensions/merge-conflict/dist/extension
[2020-03-18 09:36:15.865] [exthost] [info] ExtensionService#_doActivateExtension vscode.search-result {"startup":true,"extensionId":{"value":"vscode.search-result","_lower":"vscode.search-result"},"activationEvent":"*"}
[2020-03-18 09:36:15.865] [exthost] [info] ExtensionService#loadCommonJSModule file:///usr/share/code/resources/app/extensions/search-result/dist/extension.js
[2020-03-18 09:36:15.867] [exthost] [info] ExtensionService#_doActivateExtension vscode.vscode-account {"startup":true,"extensionId":{"value":"vscode.vscode-account","_lower":"vscode.vscode-account"},"activationEvent":"*"}
[2020-03-18 09:36:15.871] [exthost] [info] ExtensionService#loadCommonJSModule file:///usr/share/code/resources/app/extensions/vscode-account/dist/extension.js
[2020-03-18 09:36:15.877] [exthost] [info] ExtensionService#_doActivateExtension formulahendry.auto-rename-tag {"startup":true,"extensionId":{"value":"formulahendry.auto-rename-tag","_lower":"formulahendry.auto-rename-tag"},"activationEvent":"*"}
[2020-03-18 09:36:15.878] [exthost] [info] ExtensionService#loadCommonJSModule file:///root/.vscode/extensions/formulahendry.auto-rename-tag-0.1.1/out/src/extension
[2020-03-18 09:36:15.884] [exthost] [info] ExtensionService#_doActivateExtension ms-vscode.sublime-keybindings {"startup":true,"extensionId":{"value":"ms-vscode.sublime-keybindings","_lower":"ms-vscode.sublime-keybindings"},"activationEvent":"*"}
[2020-03-18 09:36:15.884] [exthost] [info] ExtensionService#loadCommonJSModule file:///root/.vscode/extensions/ms-vscode.sublime-keybindings-4.0.6/out/extension
[2020-03-18 09:36:15.893] [exthost] [info] ExtensionService#_doActivateExtension vscode-icons-team.vscode-icons {"startup":true,"extensionId":{"value":"vscode-icons-team.vscode-icons","_lower":"vscode-icons-team.vscode-icons"},"activationEvent":"*"}
[2020-03-18 09:36:15.894] [exthost] [info] ExtensionService#loadCommonJSModule file:///root/.vscode/extensions/vscode-icons-team.vscode-icons-10.0.0/dist/src/vscode-icons.bundle.js
[2020-03-18 09:36:15.927] [exthost] [info] ExtensionService#_doActivateExtension zhuangtongfa.material-theme {"startup":true,"extensionId":{"value":"zhuangtongfa.material-theme","_lower":"zhuangtongfa.material-theme"},"activationEvent":"*"}
[2020-03-18 09:36:15.927] [exthost] [info] ExtensionService#loadCommonJSModule file:///root/.vscode/extensions/zhuangtongfa.material-theme-3.2.3/out/extension.js
[2020-03-18 09:36:15.994] [exthost] [info] ExtensionService#_doActivateExtension vscode.npm {"startup":true,"extensionId":{"value":"vscode.npm","_lower":"vscode.npm"},"activationEvent":"workspaceContains:package.json"}
[2020-03-18 09:36:15.995] [exthost] [info] ExtensionService#loadCommonJSModule file:///usr/share/code/resources/app/extensions/npm/dist/main
[2020-03-18 09:36:16.285] [exthost] [info] eager extensions activated
[2020-03-18 09:36:17.328] [exthost] [info] ExtensionService#_doActivateExtension vscode.typescript-language-features {"startup":false,"extensionId":{"value":"vscode.typescript-language-features","_lower":"vscode.typescript-language-features"},"activationEvent":"onLanguage:javascript"}
[2020-03-18 09:36:17.328] [exthost] [info] ExtensionService#loadCommonJSModule file:///usr/share/code/resources/app/extensions/typescript-language-features/dist/extension
[2020-03-18 09:36:17.343] [exthost] [info] ExtensionService#_doActivateExtension mgmcdermott.vscode-language-babel {"startup":false,"extensionId":{"value":"mgmcdermott.vscode-language-babel","_lower":"mgmcdermott.vscode-language-babel"},"activationEvent":"onLanguage:javascript"}
[2020-03-18 09:36:17.343] [exthost] [info] ExtensionService#loadCommonJSModule file:///root/.vscode/extensions/mgmcdermott.vscode-language-babel-0.0.26/dist/extension
