Looking for git in: git
Using git 2.17.1 from git
> git rev-parse --show-toplevel
> git rev-parse --git-dir
Open repository: /ReactNative/pertemuan3
> git status -z -u
> git symbolic-ref --short HEAD
> git rev-parse master
fatal: ambiguous argument 'master': unknown revision or path not in the working tree.
Use '--' to separate paths from revisions, like this:
'git <command> [<revision>...] -- [<file>...]'
> git for-each-ref --format %(refname) %(objectname) --sort -committerdate
> git remote --verbose
> git config --get commit.template
> git check-ignore -v -z --stdin
> git status -z -u
> git symbolic-ref --short HEAD
> git rev-parse master
fatal: ambiguous argument 'master': unknown revision or path not in the working tree.
Use '--' to separate paths from revisions, like this:
'git <command> [<revision>...] -- [<file>...]'
> git for-each-ref --format %(refname) %(objectname) --sort -committerdate
> git remote --verbose
> git config --get commit.template
> git show :App.js
> git ls-files --stage -- /ReactNative/pertemuan3/App.js
> git status -z -u
> git symbolic-ref --short HEAD
> git rev-parse master
fatal: ambiguous argument 'master': unknown revision or path not in the working tree.
Use '--' to separate paths from revisions, like this:
'git <command> [<revision>...] -- [<file>...]'
> git for-each-ref --format %(refname) %(objectname) --sort -committerdate
> git remote --verbose
> git config --get commit.template
> git check-ignore -v -z --stdin
> git check-ignore -v -z --stdin
> git check-ignore -v -z --stdin
> git show :screen/p3/App.js
> git ls-files --stage -- /ReactNative/pertemuan3/screen/p3/App.js
> git check-ignore -v -z --stdin
> git show :App.js
> git ls-files --stage -- /ReactNative/pertemuan3/App.js
> git show :screen/p3/App.js
> git ls-files --stage -- /ReactNative/pertemuan3/screen/p3/App.js
> git show :App.js
> git ls-files --stage -- /ReactNative/pertemuan3/App.js
> git show :screen/p3/App.js
> git ls-files --stage -- /ReactNative/pertemuan3/screen/p3/App.js
> git show :App.js
> git ls-files --stage -- /ReactNative/pertemuan3/App.js
