[2020-03-22 22:20:12.425] [exthost] [info] extension host started
[2020-03-22 22:20:12.528] [exthost] [info] ExtensionService#_doActivateExtension vscode.debug-auto-launch {"startup":true,"extensionId":{"value":"vscode.debug-auto-launch","_lower":"vscode.debug-auto-launch"},"activationEvent":"*"}
[2020-03-22 22:20:12.528] [exthost] [info] ExtensionService#loadCommonJSModule file:///usr/share/code/resources/app/extensions/debug-auto-launch/dist/extension
[2020-03-22 22:20:12.533] [exthost] [info] ExtensionService#_doActivateExtension vscode.emmet {"startup":true,"extensionId":{"value":"vscode.emmet","_lower":"vscode.emmet"},"activationEvent":"*"}
[2020-03-22 22:20:12.533] [exthost] [info] ExtensionService#loadCommonJSModule file:///usr/share/code/resources/app/extensions/emmet/dist/extension
[2020-03-22 22:20:12.561] [exthost] [info] ExtensionService#_doActivateExtension vscode.git {"startup":true,"extensionId":{"value":"vscode.git","_lower":"vscode.git"},"activationEvent":"*"}
[2020-03-22 22:20:12.561] [exthost] [info] ExtensionService#loadCommonJSModule file:///usr/share/code/resources/app/extensions/git/dist/main
[2020-03-22 22:20:12.605] [exthost] [info] ExtensionService#_doActivateExtension vscode.github-authentication {"startup":true,"extensionId":{"value":"vscode.github-authentication","_lower":"vscode.github-authentication"},"activationEvent":"*"}
[2020-03-22 22:20:12.605] [exthost] [info] ExtensionService#loadCommonJSModule file:///usr/share/code/resources/app/extensions/github-authentication/dist/extension.js
[2020-03-22 22:20:12.610] [exthost] [info] ExtensionService#_doActivateExtension vscode.merge-conflict {"startup":true,"extensionId":{"value":"vscode.merge-conflict","_lower":"vscode.merge-conflict"},"activationEvent":"*"}
[2020-03-22 22:20:12.610] [exthost] [info] ExtensionService#loadCommonJSModule file:///usr/share/code/resources/app/extensions/merge-conflict/dist/extension
[2020-03-22 22:20:12.615] [exthost] [info] ExtensionService#_doActivateExtension vscode.search-result {"startup":true,"extensionId":{"value":"vscode.search-result","_lower":"vscode.search-result"},"activationEvent":"*"}
[2020-03-22 22:20:12.615] [exthost] [info] ExtensionService#loadCommonJSModule file:///usr/share/code/resources/app/extensions/search-result/dist/extension.js
[2020-03-22 22:20:12.616] [exthost] [info] ExtensionService#_doActivateExtension vscode.vscode-account {"startup":true,"extensionId":{"value":"vscode.vscode-account","_lower":"vscode.vscode-account"},"activationEvent":"*"}
[2020-03-22 22:20:12.616] [exthost] [info] ExtensionService#loadCommonJSModule file:///usr/share/code/resources/app/extensions/vscode-account/dist/extension.js
[2020-03-22 22:20:12.622] [exthost] [info] eager extensions activated
[2020-03-22 22:20:26.156] [exthost] [info] ExtensionService#_doActivateExtension vscode.typescript-language-features {"startup":false,"extensionId":{"value":"vscode.typescript-language-features","_lower":"vscode.typescript-language-features"},"activationEvent":"onLanguage:javascript"}
[2020-03-22 22:20:26.156] [exthost] [info] ExtensionService#loadCommonJSModule file:///usr/share/code/resources/app/extensions/typescript-language-features/dist/extension
[2020-03-22 22:20:33.346] [exthost] [info] ExtensionService#_doActivateExtension vscode.extension-editing {"startup":false,"extensionId":{"value":"vscode.extension-editing","_lower":"vscode.extension-editing"},"activationEvent":"onLanguage:typescript"}
[2020-03-22 22:20:33.346] [exthost] [info] ExtensionService#loadCommonJSModule file:///usr/share/code/resources/app/extensions/extension-editing/dist/extension
[2020-03-22 22:21:32.920] [exthost] [error] [vscode.typescript-language-features] provider FAILED
[2020-03-22 22:21:32.921] [exthost] [error] Error: busy
	at o._provideSemanticTokens (/usr/share/code/resources/app/extensions/typescript-language-features/dist/extension.js:1:180337)
[2020-03-22 22:22:42.238] [exthost] [error] [vscode.typescript-language-features] provider FAILED
[2020-03-22 22:22:42.238] [exthost] [error] Error: busy
	at o._provideSemanticTokens (/usr/share/code/resources/app/extensions/typescript-language-features/dist/extension.js:1:180337)
[2020-03-22 22:22:42.617] [exthost] [error] [vscode.typescript-language-features] provider FAILED
[2020-03-22 22:22:42.617] [exthost] [error] Error: busy
	at o._provideSemanticTokens (/usr/share/code/resources/app/extensions/typescript-language-features/dist/extension.js:1:180337)
[2020-03-22 22:22:42.970] [exthost] [error] [vscode.typescript-language-features] provider FAILED
[2020-03-22 22:22:42.970] [exthost] [error] Error: busy
	at o._provideSemanticTokens (/usr/share/code/resources/app/extensions/typescript-language-features/dist/extension.js:1:180337)
[2020-03-22 22:22:43.330] [exthost] [error] [vscode.typescript-language-features] provider FAILED
[2020-03-22 22:22:43.330] [exthost] [error] Error: busy
	at o._provideSemanticTokens (/usr/share/code/resources/app/extensions/typescript-language-features/dist/extension.js:1:180337)
[2020-03-22 22:22:43.640] [exthost] [error] [vscode.typescript-language-features] provider FAILED
[2020-03-22 22:22:43.640] [exthost] [error] Error: busy
	at o._provideSemanticTokens (/usr/share/code/resources/app/extensions/typescript-language-features/dist/extension.js:1:180337)
[2020-03-22 22:24:18.083] [exthost] [error] [vscode.typescript-language-features] provider FAILED
[2020-03-22 22:24:18.083] [exthost] [error] Error: busy
	at o._provideSemanticTokens (/usr/share/code/resources/app/extensions/typescript-language-features/dist/extension.js:1:180337)
[2020-03-22 22:25:48.966] [exthost] [info] [vscode.typescript-language-features] UNSAVE result from 'resolveCompletionItem', extension SHOULD NOT change any of: additionalTextEdits, or command
[2020-03-22 22:26:34.501] [exthost] [error] [vscode.typescript-language-features] provider FAILED
[2020-03-22 22:26:34.502] [exthost] [error] Error: busy
	at o._provideSemanticTokens (/usr/share/code/resources/app/extensions/typescript-language-features/dist/extension.js:1:180337)
[2020-03-22 22:26:34.820] [exthost] [error] [vscode.typescript-language-features] provider FAILED
[2020-03-22 22:26:34.820] [exthost] [error] Error: busy
	at o._provideSemanticTokens (/usr/share/code/resources/app/extensions/typescript-language-features/dist/extension.js:1:180337)
[2020-03-22 22:26:41.915] [exthost] [error] [vscode.typescript-language-features] provider FAILED
[2020-03-22 22:26:41.916] [exthost] [error] Error: busy
	at o._provideSemanticTokens (/usr/share/code/resources/app/extensions/typescript-language-features/dist/extension.js:1:180337)
[2020-03-22 22:28:04.044] [exthost] [error] [vscode.typescript-language-features] provider FAILED
[2020-03-22 22:28:04.044] [exthost] [error] Error: busy
	at o._provideSemanticTokens (/usr/share/code/resources/app/extensions/typescript-language-features/dist/extension.js:1:180337)
[2020-03-22 22:28:53.590] [exthost] [error] [vscode.typescript-language-features] provider FAILED
[2020-03-22 22:28:53.590] [exthost] [error] Error: busy
	at o._provideSemanticTokens (/usr/share/code/resources/app/extensions/typescript-language-features/dist/extension.js:1:180337)
[2020-03-22 22:29:17.774] [exthost] [info] ExtensionService#_doActivateExtension vscode.configuration-editing {"startup":false,"extensionId":{"value":"vscode.configuration-editing","_lower":"vscode.configuration-editing"},"activationEvent":"onLanguage:jsonc"}
[2020-03-22 22:29:17.775] [exthost] [info] ExtensionService#loadCommonJSModule file:///usr/share/code/resources/app/extensions/configuration-editing/dist/extension
[2020-03-22 22:29:17.792] [exthost] [info] ExtensionService#_doActivateExtension vscode.json-language-features {"startup":false,"extensionId":{"value":"vscode.json-language-features","_lower":"vscode.json-language-features"},"activationEvent":"onLanguage:jsonc"}
[2020-03-22 22:29:17.792] [exthost] [info] ExtensionService#loadCommonJSModule file:///usr/share/code/resources/app/extensions/json-language-features/client/dist/jsonMain
[2020-03-22 22:33:43.625] [exthost] [error] [vscode.typescript-language-features] provider FAILED
[2020-03-22 22:33:43.626] [exthost] [error] Error: busy
	at o._provideSemanticTokens (/usr/share/code/resources/app/extensions/typescript-language-features/dist/extension.js:1:180337)
[2020-03-22 22:34:07.048] [exthost] [error] [vscode.typescript-language-features] provider FAILED
[2020-03-22 22:34:07.048] [exthost] [error] Error: busy
	at o._provideSemanticTokens (/usr/share/code/resources/app/extensions/typescript-language-features/dist/extension.js:1:180337)
[2020-03-22 22:35:26.508] [exthost] [info] ExtensionService#_doActivateExtension vscode.npm {"startup":false,"extensionId":{"value":"vscode.npm","_lower":"vscode.npm"},"activationEvent":"onLanguage:json"}
[2020-03-22 22:35:26.508] [exthost] [info] ExtensionService#loadCommonJSModule file:///usr/share/code/resources/app/extensions/npm/dist/main
[2020-03-22 22:35:51.160] [exthost] [info] ExtensionService#_doActivateExtension ms-vscode.sublime-keybindings {"startup":false,"extensionId":{"value":"ms-vscode.sublime-keybindings","_lower":"ms-vscode.sublime-keybindings"},"activationEvent":"*"}
[2020-03-22 22:35:51.160] [exthost] [info] ExtensionService#loadCommonJSModule file:///root/.vscode/extensions/ms-vscode.sublime-keybindings-4.0.6/out/extension
[2020-03-22 22:36:57.470] [exthost] [error] [vscode.typescript-language-features] provider FAILED
[2020-03-22 22:36:57.470] [exthost] [error] Error: busy
	at o._provideSemanticTokens (/usr/share/code/resources/app/extensions/typescript-language-features/dist/extension.js:1:180337)
[2020-03-22 22:37:22.003] [exthost] [error] [vscode.typescript-language-features] provider FAILED
[2020-03-22 22:37:22.004] [exthost] [error] Error: busy
	at o._provideSemanticTokens (/usr/share/code/resources/app/extensions/typescript-language-features/dist/extension.js:1:180337)
[2020-03-22 22:37:25.662] [exthost] [error] [vscode.typescript-language-features] provider FAILED
[2020-03-22 22:37:25.662] [exthost] [error] Error: busy
	at o._provideSemanticTokens (/usr/share/code/resources/app/extensions/typescript-language-features/dist/extension.js:1:180337)
[2020-03-22 22:37:41.932] [exthost] [error] [vscode.typescript-language-features] provider FAILED
[2020-03-22 22:37:41.932] [exthost] [error] Error: busy
	at o._provideSemanticTokens (/usr/share/code/resources/app/extensions/typescript-language-features/dist/extension.js:1:180337)
[2020-03-22 22:37:42.613] [exthost] [error] [vscode.typescript-language-features] provider FAILED
[2020-03-22 22:37:42.613] [exthost] [error] Error: busy
	at o._provideSemanticTokens (/usr/share/code/resources/app/extensions/typescript-language-features/dist/extension.js:1:180337)
[2020-03-22 22:39:51.017] [exthost] [error] [vscode.typescript-language-features] provider FAILED
[2020-03-22 22:39:51.017] [exthost] [error] Error: busy
	at o._provideSemanticTokens (/usr/share/code/resources/app/extensions/typescript-language-features/dist/extension.js:1:180337)
[2020-03-22 22:40:00.087] [exthost] [error] [vscode.typescript-language-features] provider FAILED
[2020-03-22 22:40:00.087] [exthost] [error] Error: busy
	at o._provideSemanticTokens (/usr/share/code/resources/app/extensions/typescript-language-features/dist/extension.js:1:180337)
[2020-03-22 22:44:12.487] [exthost] [error] [vscode.typescript-language-features] provider FAILED
[2020-03-22 22:44:12.488] [exthost] [error] Error: busy
	at o._provideSemanticTokens (/usr/share/code/resources/app/extensions/typescript-language-features/dist/extension.js:1:180337)
[2020-03-22 22:49:21.932] [exthost] [error] [vscode.typescript-language-features] provider FAILED
[2020-03-22 22:49:21.932] [exthost] [error] Error: busy
	at o._provideSemanticTokens (/usr/share/code/resources/app/extensions/typescript-language-features/dist/extension.js:1:180337)
[2020-03-22 22:50:20.883] [exthost] [error] [vscode.typescript-language-features] provider FAILED
[2020-03-22 22:50:20.883] [exthost] [error] Error: busy
	at o._provideSemanticTokens (/usr/share/code/resources/app/extensions/typescript-language-features/dist/extension.js:1:180337)
[2020-03-22 22:50:27.343] [exthost] [error] [vscode.typescript-language-features] provider FAILED
[2020-03-22 22:50:27.343] [exthost] [error] Error: busy
	at o._provideSemanticTokens (/usr/share/code/resources/app/extensions/typescript-language-features/dist/extension.js:1:180337)
[2020-03-22 22:50:29.183] [exthost] [error] [vscode.typescript-language-features] provider FAILED
[2020-03-22 22:50:29.183] [exthost] [error] Error: busy
	at o._provideSemanticTokens (/usr/share/code/resources/app/extensions/typescript-language-features/dist/extension.js:1:180337)
[2020-03-22 22:53:23.271] [exthost] [error] [vscode.typescript-language-features] provider FAILED
[2020-03-22 22:53:23.271] [exthost] [error] Error: busy
	at o._provideSemanticTokens (/usr/share/code/resources/app/extensions/typescript-language-features/dist/extension.js:1:180337)
[2020-03-22 22:54:26.034] [exthost] [error] [vscode.typescript-language-features] provider FAILED
[2020-03-22 22:54:26.034] [exthost] [error] Error: busy
	at o._provideSemanticTokens (/usr/share/code/resources/app/extensions/typescript-language-features/dist/extension.js:1:180337)
[2020-03-22 22:55:11.359] [exthost] [error] [vscode.typescript-language-features] provider FAILED
[2020-03-22 22:55:11.359] [exthost] [error] Error: busy
	at o._provideSemanticTokens (/usr/share/code/resources/app/extensions/typescript-language-features/dist/extension.js:1:180337)
[2020-03-22 22:56:14.673] [exthost] [error] [vscode.typescript-language-features] provider FAILED
[2020-03-22 22:56:14.673] [exthost] [error] Error: busy
	at o._provideSemanticTokens (/usr/share/code/resources/app/extensions/typescript-language-features/dist/extension.js:1:180337)
[2020-03-22 22:56:29.879] [exthost] [error] [vscode.typescript-language-features] provider FAILED
[2020-03-22 22:56:29.879] [exthost] [error] Error: busy
	at o._provideSemanticTokens (/usr/share/code/resources/app/extensions/typescript-language-features/dist/extension.js:1:180337)
[2020-03-22 22:56:30.226] [exthost] [error] [vscode.typescript-language-features] provider FAILED
[2020-03-22 22:56:30.226] [exthost] [error] Error: busy
	at o._provideSemanticTokens (/usr/share/code/resources/app/extensions/typescript-language-features/dist/extension.js:1:180337)
[2020-03-22 22:56:30.878] [exthost] [error] [vscode.typescript-language-features] provider FAILED
[2020-03-22 22:56:30.878] [exthost] [error] Error: busy
	at o._provideSemanticTokens (/usr/share/code/resources/app/extensions/typescript-language-features/dist/extension.js:1:180337)
[2020-03-22 22:56:31.192] [exthost] [error] [vscode.typescript-language-features] provider FAILED
[2020-03-22 22:56:31.192] [exthost] [error] Error: busy
	at o._provideSemanticTokens (/usr/share/code/resources/app/extensions/typescript-language-features/dist/extension.js:1:180337)
[2020-03-22 22:57:35.422] [exthost] [error] [vscode.typescript-language-features] provider FAILED
[2020-03-22 22:57:35.422] [exthost] [error] Error: busy
	at o._provideSemanticTokens (/usr/share/code/resources/app/extensions/typescript-language-features/dist/extension.js:1:180337)
[2020-03-22 22:57:35.704] [exthost] [error] [vscode.typescript-language-features] provider FAILED
[2020-03-22 22:57:35.704] [exthost] [error] Error: busy
	at o._provideSemanticTokens (/usr/share/code/resources/app/extensions/typescript-language-features/dist/extension.js:1:180337)
[2020-03-22 23:01:59.366] [exthost] [error] [vscode.typescript-language-features] provider FAILED
[2020-03-22 23:01:59.366] [exthost] [error] Error: busy
	at o._provideSemanticTokens (/usr/share/code/resources/app/extensions/typescript-language-features/dist/extension.js:1:180337)
[2020-03-22 23:02:36.972] [exthost] [error] [vscode.typescript-language-features] provider FAILED
[2020-03-22 23:02:36.972] [exthost] [error] Error: busy
	at o._provideSemanticTokens (/usr/share/code/resources/app/extensions/typescript-language-features/dist/extension.js:1:180337)
[2020-03-22 23:03:15.974] [exthost] [error] [vscode.typescript-language-features] provider FAILED
[2020-03-22 23:03:15.974] [exthost] [error] Error: busy
	at o._provideSemanticTokens (/usr/share/code/resources/app/extensions/typescript-language-features/dist/extension.js:1:180337)
[2020-03-22 23:03:16.352] [exthost] [error] [vscode.typescript-language-features] provider FAILED
[2020-03-22 23:03:16.352] [exthost] [error] Error: busy
	at o._provideSemanticTokens (/usr/share/code/resources/app/extensions/typescript-language-features/dist/extension.js:1:180337)
[2020-03-22 23:03:16.673] [exthost] [error] [vscode.typescript-language-features] provider FAILED
[2020-03-22 23:03:16.673] [exthost] [error] Error: busy
	at o._provideSemanticTokens (/usr/share/code/resources/app/extensions/typescript-language-features/dist/extension.js:1:180337)
[2020-03-22 23:03:28.117] [exthost] [error] [vscode.typescript-language-features] provider FAILED
[2020-03-22 23:03:28.117] [exthost] [error] Error: busy
	at o._provideSemanticTokens (/usr/share/code/resources/app/extensions/typescript-language-features/dist/extension.js:1:180337)
[2020-03-22 23:03:28.472] [exthost] [error] [vscode.typescript-language-features] provider FAILED
[2020-03-22 23:03:28.472] [exthost] [error] Error: busy
	at o._provideSemanticTokens (/usr/share/code/resources/app/extensions/typescript-language-features/dist/extension.js:1:180337)
[2020-03-22 23:03:34.367] [exthost] [error] [vscode.typescript-language-features] provider FAILED
[2020-03-22 23:03:34.367] [exthost] [error] Error: busy
	at o._provideSemanticTokens (/usr/share/code/resources/app/extensions/typescript-language-features/dist/extension.js:1:180337)
[2020-03-22 23:03:34.707] [exthost] [error] [vscode.typescript-language-features] provider FAILED
[2020-03-22 23:03:34.707] [exthost] [error] Error: busy
	at o._provideSemanticTokens (/usr/share/code/resources/app/extensions/typescript-language-features/dist/extension.js:1:180337)
[2020-03-22 23:03:35.071] [exthost] [error] [vscode.typescript-language-features] provider FAILED
[2020-03-22 23:03:35.072] [exthost] [error] Error: busy
	at o._provideSemanticTokens (/usr/share/code/resources/app/extensions/typescript-language-features/dist/extension.js:1:180337)
