[2020-03-18 09:35:17.115] [exthost] [info] extension host started
[2020-03-18 09:35:17.261] [exthost] [info] ExtensionService#_doActivateExtension vscode.debug-auto-launch {"startup":true,"extensionId":{"value":"vscode.debug-auto-launch","_lower":"vscode.debug-auto-launch"},"activationEvent":"*"}
[2020-03-18 09:35:17.262] [exthost] [info] ExtensionService#loadCommonJSModule file:///usr/share/code/resources/app/extensions/debug-auto-launch/dist/extension
[2020-03-18 09:35:17.289] [exthost] [info] ExtensionService#_doActivateExtension vscode.emmet {"startup":true,"extensionId":{"value":"vscode.emmet","_lower":"vscode.emmet"},"activationEvent":"*"}
[2020-03-18 09:35:17.289] [exthost] [info] ExtensionService#loadCommonJSModule file:///usr/share/code/resources/app/extensions/emmet/dist/extension
[2020-03-18 09:35:17.349] [exthost] [info] ExtensionService#_doActivateExtension vscode.git {"startup":true,"extensionId":{"value":"vscode.git","_lower":"vscode.git"},"activationEvent":"*"}
[2020-03-18 09:35:17.349] [exthost] [info] ExtensionService#loadCommonJSModule file:///usr/share/code/resources/app/extensions/git/dist/main
[2020-03-18 09:35:17.437] [exthost] [info] ExtensionService#_doActivateExtension vscode.github-authentication {"startup":true,"extensionId":{"value":"vscode.github-authentication","_lower":"vscode.github-authentication"},"activationEvent":"*"}
[2020-03-18 09:35:17.437] [exthost] [info] ExtensionService#loadCommonJSModule file:///usr/share/code/resources/app/extensions/github-authentication/dist/extension.js
[2020-03-18 09:35:17.443] [exthost] [info] ExtensionService#_doActivateExtension vscode.merge-conflict {"startup":true,"extensionId":{"value":"vscode.merge-conflict","_lower":"vscode.merge-conflict"},"activationEvent":"*"}
[2020-03-18 09:35:17.443] [exthost] [info] ExtensionService#loadCommonJSModule file:///usr/share/code/resources/app/extensions/merge-conflict/dist/extension
[2020-03-18 09:35:17.450] [exthost] [info] ExtensionService#_doActivateExtension vscode.search-result {"startup":true,"extensionId":{"value":"vscode.search-result","_lower":"vscode.search-result"},"activationEvent":"*"}
[2020-03-18 09:35:17.450] [exthost] [info] ExtensionService#loadCommonJSModule file:///usr/share/code/resources/app/extensions/search-result/dist/extension.js
[2020-03-18 09:35:17.453] [exthost] [info] ExtensionService#_doActivateExtension vscode.vscode-account {"startup":true,"extensionId":{"value":"vscode.vscode-account","_lower":"vscode.vscode-account"},"activationEvent":"*"}
[2020-03-18 09:35:17.453] [exthost] [info] ExtensionService#loadCommonJSModule file:///usr/share/code/resources/app/extensions/vscode-account/dist/extension.js
[2020-03-18 09:35:17.460] [exthost] [info] ExtensionService#_doActivateExtension formulahendry.auto-rename-tag {"startup":true,"extensionId":{"value":"formulahendry.auto-rename-tag","_lower":"formulahendry.auto-rename-tag"},"activationEvent":"*"}
[2020-03-18 09:35:17.461] [exthost] [info] ExtensionService#loadCommonJSModule file:///root/.vscode/extensions/formulahendry.auto-rename-tag-0.1.1/out/src/extension
[2020-03-18 09:35:17.466] [exthost] [info] ExtensionService#_doActivateExtension ms-vscode.sublime-keybindings {"startup":true,"extensionId":{"value":"ms-vscode.sublime-keybindings","_lower":"ms-vscode.sublime-keybindings"},"activationEvent":"*"}
[2020-03-18 09:35:17.466] [exthost] [info] ExtensionService#loadCommonJSModule file:///root/.vscode/extensions/ms-vscode.sublime-keybindings-4.0.6/out/extension
[2020-03-18 09:35:17.483] [exthost] [info] ExtensionService#_doActivateExtension vscode-icons-team.vscode-icons {"startup":true,"extensionId":{"value":"vscode-icons-team.vscode-icons","_lower":"vscode-icons-team.vscode-icons"},"activationEvent":"*"}
[2020-03-18 09:35:17.483] [exthost] [info] ExtensionService#loadCommonJSModule file:///root/.vscode/extensions/vscode-icons-team.vscode-icons-10.0.0/dist/src/vscode-icons.bundle.js
[2020-03-18 09:35:17.573] [exthost] [info] ExtensionService#_doActivateExtension zhuangtongfa.material-theme {"startup":true,"extensionId":{"value":"zhuangtongfa.material-theme","_lower":"zhuangtongfa.material-theme"},"activationEvent":"*"}
[2020-03-18 09:35:17.573] [exthost] [info] ExtensionService#loadCommonJSModule file:///root/.vscode/extensions/zhuangtongfa.material-theme-3.2.3/out/extension.js
[2020-03-18 09:35:17.685] [exthost] [info] ExtensionService#_doActivateExtension vscode.npm {"startup":true,"extensionId":{"value":"vscode.npm","_lower":"vscode.npm"},"activationEvent":"workspaceContains:package.json"}
[2020-03-18 09:35:17.685] [exthost] [info] ExtensionService#loadCommonJSModule file:///usr/share/code/resources/app/extensions/npm/dist/main
[2020-03-18 09:35:18.219] [exthost] [info] eager extensions activated
[2020-03-18 09:35:35.163] [exthost] [info] ExtensionService#_doActivateExtension vscode.typescript-language-features {"startup":false,"extensionId":{"value":"vscode.typescript-language-features","_lower":"vscode.typescript-language-features"},"activationEvent":"onLanguage:javascript"}
[2020-03-18 09:35:35.163] [exthost] [info] ExtensionService#loadCommonJSModule file:///usr/share/code/resources/app/extensions/typescript-language-features/dist/extension
[2020-03-18 09:35:35.198] [exthost] [info] ExtensionService#_doActivateExtension mgmcdermott.vscode-language-babel {"startup":false,"extensionId":{"value":"mgmcdermott.vscode-language-babel","_lower":"mgmcdermott.vscode-language-babel"},"activationEvent":"onLanguage:javascript"}
[2020-03-18 09:35:35.199] [exthost] [info] ExtensionService#loadCommonJSModule file:///root/.vscode/extensions/mgmcdermott.vscode-language-babel-0.0.26/dist/extension
[2020-03-18 09:37:32.110] [exthost] [error] [vscode.typescript-language-features] provider FAILED
[2020-03-18 09:37:32.111] [exthost] [error] Error: busy
	at o._provideSemanticTokens (/usr/share/code/resources/app/extensions/typescript-language-features/dist/extension.js:1:180337)
[2020-03-18 09:37:32.707] [exthost] [error] [vscode.typescript-language-features] provider FAILED
[2020-03-18 09:37:32.707] [exthost] [error] Error: busy
	at o._provideSemanticTokens (/usr/share/code/resources/app/extensions/typescript-language-features/dist/extension.js:1:180337)
[2020-03-18 09:37:33.432] [exthost] [error] [vscode.typescript-language-features] provider FAILED
[2020-03-18 09:37:33.432] [exthost] [error] Error: busy
	at o._provideSemanticTokens (/usr/share/code/resources/app/extensions/typescript-language-features/dist/extension.js:1:180337)
[2020-03-18 09:37:35.806] [exthost] [error] [vscode.typescript-language-features] provider FAILED
[2020-03-18 09:37:35.806] [exthost] [error] Error: busy
	at o._provideSemanticTokens (/usr/share/code/resources/app/extensions/typescript-language-features/dist/extension.js:1:180337)
[2020-03-18 09:37:36.149] [exthost] [error] [vscode.typescript-language-features] provider FAILED
[2020-03-18 09:37:36.149] [exthost] [error] Error: busy
	at o._provideSemanticTokens (/usr/share/code/resources/app/extensions/typescript-language-features/dist/extension.js:1:180337)
[2020-03-18 09:37:36.481] [exthost] [error] [vscode.typescript-language-features] provider FAILED
[2020-03-18 09:37:36.481] [exthost] [error] Error: busy
	at o._provideSemanticTokens (/usr/share/code/resources/app/extensions/typescript-language-features/dist/extension.js:1:180337)
[2020-03-18 09:38:18.225] [exthost] [error] [vscode.typescript-language-features] provider FAILED
[2020-03-18 09:38:18.226] [exthost] [error] Error: busy
	at o._provideSemanticTokens (/usr/share/code/resources/app/extensions/typescript-language-features/dist/extension.js:1:180337)
[2020-03-18 09:38:18.511] [exthost] [info] [vscode.typescript-language-features] UNSAVE result from 'resolveCompletionItem', extension SHOULD NOT change any of: additionalTextEdits, or command
[2020-03-18 09:38:43.149] [exthost] [error] [vscode.typescript-language-features] provider FAILED
[2020-03-18 09:38:43.150] [exthost] [error] Error: busy
	at o._provideSemanticTokens (/usr/share/code/resources/app/extensions/typescript-language-features/dist/extension.js:1:180337)
[2020-03-18 09:38:47.439] [exthost] [error] [vscode.typescript-language-features] provider FAILED
[2020-03-18 09:38:47.439] [exthost] [error] Error: busy
	at o._provideSemanticTokens (/usr/share/code/resources/app/extensions/typescript-language-features/dist/extension.js:1:180337)
[2020-03-18 09:39:11.851] [exthost] [error] [vscode.typescript-language-features] provider FAILED
[2020-03-18 09:39:11.851] [exthost] [error] Error: busy
	at o._provideSemanticTokens (/usr/share/code/resources/app/extensions/typescript-language-features/dist/extension.js:1:180337)
[2020-03-18 09:39:17.282] [exthost] [error] [vscode.typescript-language-features] provider FAILED
[2020-03-18 09:39:17.282] [exthost] [error] Error: busy
	at o._provideSemanticTokens (/usr/share/code/resources/app/extensions/typescript-language-features/dist/extension.js:1:180337)
[2020-03-18 09:39:35.217] [exthost] [error] [vscode.typescript-language-features] provider FAILED
[2020-03-18 09:39:35.217] [exthost] [error] Error: busy
	at o._provideSemanticTokens (/usr/share/code/resources/app/extensions/typescript-language-features/dist/extension.js:1:180337)
[2020-03-18 09:41:33.509] [exthost] [info] ExtensionService#_doActivateExtension vscode.extension-editing {"startup":false,"extensionId":{"value":"vscode.extension-editing","_lower":"vscode.extension-editing"},"activationEvent":"onLanguage:typescript"}
[2020-03-18 09:41:33.510] [exthost] [info] ExtensionService#loadCommonJSModule file:///usr/share/code/resources/app/extensions/extension-editing/dist/extension
[2020-03-18 09:43:39.854] [exthost] [error] [vscode.typescript-language-features] provider FAILED
[2020-03-18 09:43:39.854] [exthost] [error] Error: busy
	at o._provideSemanticTokens (/usr/share/code/resources/app/extensions/typescript-language-features/dist/extension.js:1:180337)
